[2024-07-01T23:54:32.023+0300][4ms] CardTable entry size: 512
[2024-07-01T23:54:32.023+0300][4ms] Using G1
[2024-07-01T23:54:32.023+0300][4ms] Version: 21.0.1+12-29 (release)
[2024-07-01T23:54:32.024+0300][4ms] CPUs: 8 total, 8 available
[2024-07-01T23:54:32.024+0300][4ms] Memory: 16384M
[2024-07-01T23:54:32.024+0300][4ms] Large Page Support: Disabled
[2024-07-01T23:54:32.024+0300][4ms] NUMA Support: Disabled
[2024-07-01T23:54:32.024+0300][4ms] Compressed Oops: Enabled (Zero based)
[2024-07-01T23:54:32.024+0300][4ms] Heap Region Size: 2M
[2024-07-01T23:54:32.024+0300][4ms] Heap Min Capacity: 8M
[2024-07-01T23:54:32.024+0300][4ms] Heap Initial Capacity: 256M
[2024-07-01T23:54:32.024+0300][4ms] Heap Max Capacity: 4G
[2024-07-01T23:54:32.024+0300][4ms] Pre-touch: Disabled
[2024-07-01T23:54:32.024+0300][4ms] Parallel Workers: 8
[2024-07-01T23:54:32.024+0300][4ms] Concurrent Workers: 2
[2024-07-01T23:54:32.024+0300][4ms] Concurrent Refinement Workers: 8
[2024-07-01T23:54:32.024+0300][4ms] Periodic GC: Disabled
[2024-07-01T23:54:32.027+0300][8ms] CDS archive(s) mapped at: [0x0000007000000000-0x0000007000ca4000-0x0000007000ca4000), size 13254656, SharedBaseAddress: 0x0000007000000000, ArchiveRelocationMode: 1.
[2024-07-01T23:54:32.027+0300][8ms] Compressed class space mapped at: 0x0000007001000000-0x0000007041000000, reserved size: 1073741824
[2024-07-01T23:54:32.027+0300][8ms] Narrow klass base: 0x0000007000000000, Narrow klass shift: 0, Narrow klass range: 0x100000000
[2024-07-01T23:54:32.314+0300][295ms] GC(0) Pause Young (Normal) (G1 Evacuation Pause)
[2024-07-01T23:54:32.314+0300][295ms] GC(0) Using 6 workers of 8 for evacuation
[2024-07-01T23:54:32.316+0300][297ms] GC(0)   Pre Evacuate Collection Set: 0.1ms
[2024-07-01T23:54:32.316+0300][297ms] GC(0)   Merge Heap Roots: 0.0ms
[2024-07-01T23:54:32.316+0300][297ms] GC(0)   Evacuate Collection Set: 1.7ms
[2024-07-01T23:54:32.316+0300][297ms] GC(0)   Post Evacuate Collection Set: 0.2ms
[2024-07-01T23:54:32.316+0300][297ms] GC(0)   Other: 0.1ms
[2024-07-01T23:54:32.316+0300][297ms] GC(0) Eden regions: 11->0(20)
[2024-07-01T23:54:32.316+0300][297ms] GC(0) Survivor regions: 0->2(2)
[2024-07-01T23:54:32.316+0300][297ms] GC(0) Old regions: 1->2
[2024-07-01T23:54:32.316+0300][297ms] GC(0) Humongous regions: 0->0
[2024-07-01T23:54:32.316+0300][297ms] GC(0) Metaspace: 4676K(4992K)->4676K(4992K) NonClass: 4194K(4352K)->4194K(4352K) Class: 482K(640K)->482K(640K)
[2024-07-01T23:54:32.316+0300][297ms] GC(0) Pause Young (Normal) (G1 Evacuation Pause) 23M->5M(258M) 2.393ms
[2024-07-01T23:54:32.316+0300][297ms] GC(0) User=0.01s Sys=0.00s Real=0.00s
[2024-07-01T23:54:32.677+0300][658ms] GC(1) Pause Young (Normal) (G1 Evacuation Pause)
[2024-07-01T23:54:32.677+0300][658ms] GC(1) Using 8 workers of 8 for evacuation
[2024-07-01T23:54:32.680+0300][661ms] GC(1)   Pre Evacuate Collection Set: 0.1ms
[2024-07-01T23:54:32.680+0300][661ms] GC(1)   Merge Heap Roots: 0.0ms
[2024-07-01T23:54:32.680+0300][661ms] GC(1)   Evacuate Collection Set: 3.1ms
[2024-07-01T23:54:32.680+0300][661ms] GC(1)   Post Evacuate Collection Set: 0.3ms
[2024-07-01T23:54:32.680+0300][661ms] GC(1)   Other: 0.1ms
[2024-07-01T23:54:32.680+0300][661ms] GC(1) Eden regions: 20->0(33)
[2024-07-01T23:54:32.680+0300][661ms] GC(1) Survivor regions: 2->3(3)
[2024-07-01T23:54:32.680+0300][661ms] GC(1) Old regions: 2->4
[2024-07-01T23:54:32.680+0300][661ms] GC(1) Humongous regions: 0->0
[2024-07-01T23:54:32.680+0300][661ms] GC(1) Metaspace: 16848K(17472K)->16848K(17472K) NonClass: 14916K(15296K)->14916K(15296K) Class: 1932K(2176K)->1932K(2176K)
[2024-07-01T23:54:32.680+0300][661ms] GC(1) Pause Young (Normal) (G1 Evacuation Pause) 45M->11M(258M) 3.657ms
[2024-07-01T23:54:32.680+0300][661ms] GC(1) User=0.02s Sys=0.00s Real=0.01s
[2024-07-01T23:54:32.754+0300][735ms] GC(2) Pause Young (Concurrent Start) (Metadata GC Threshold)
[2024-07-01T23:54:32.754+0300][735ms] GC(2) Using 8 workers of 8 for evacuation
[2024-07-01T23:54:32.758+0300][739ms] GC(2)   Pre Evacuate Collection Set: 0.1ms
[2024-07-01T23:54:32.758+0300][739ms] GC(2)   Merge Heap Roots: 0.0ms
[2024-07-01T23:54:32.758+0300][739ms] GC(2)   Evacuate Collection Set: 3.5ms
[2024-07-01T23:54:32.758+0300][739ms] GC(2)   Post Evacuate Collection Set: 0.3ms
[2024-07-01T23:54:32.758+0300][739ms] GC(2)   Other: 0.0ms
[2024-07-01T23:54:32.758+0300][739ms] GC(2) Eden regions: 27->0(53)
[2024-07-01T23:54:32.758+0300][739ms] GC(2) Survivor regions: 3->5(5)
[2024-07-01T23:54:32.758+0300][739ms] GC(2) Old regions: 4->6
[2024-07-01T23:54:32.758+0300][739ms] GC(2) Humongous regions: 0->0
[2024-07-01T23:54:32.758+0300][739ms] GC(2) Metaspace: 20523K(21504K)->20523K(21504K) NonClass: 18024K(18624K)->18024K(18624K) Class: 2498K(2880K)->2498K(2880K)
[2024-07-01T23:54:32.758+0300][739ms] GC(2) Pause Young (Concurrent Start) (Metadata GC Threshold) 63M->20M(258M) 4.185ms
[2024-07-01T23:54:32.758+0300][739ms] GC(3) Concurrent Mark Cycle
[2024-07-01T23:54:32.758+0300][739ms] GC(2) User=0.02s Sys=0.01s Real=0.00s
[2024-07-01T23:54:32.758+0300][739ms] GC(3) Concurrent Scan Root Regions
[2024-07-01T23:54:32.762+0300][743ms] GC(3) Concurrent Scan Root Regions 3.858ms
[2024-07-01T23:54:32.762+0300][743ms] GC(3) Concurrent Mark
[2024-07-01T23:54:32.762+0300][743ms] GC(3) Concurrent Mark From Roots
[2024-07-01T23:54:32.762+0300][743ms] GC(3) Using 2 workers of 2 for marking
[2024-07-01T23:54:32.766+0300][747ms] GC(3) Concurrent Mark From Roots 3.420ms
[2024-07-01T23:54:32.766+0300][747ms] GC(3) Concurrent Preclean
[2024-07-01T23:54:32.766+0300][747ms] GC(3) Concurrent Preclean 0.064ms
[2024-07-01T23:54:32.766+0300][747ms] GC(3) Pause Remark
[2024-07-01T23:54:32.767+0300][748ms] GC(3) Pause Remark 22M->22M(88M) 1.150ms
[2024-07-01T23:54:32.767+0300][748ms] GC(3) User=0.01s Sys=0.00s Real=0.00s
[2024-07-01T23:54:32.767+0300][748ms] GC(3) Concurrent Mark 4.925ms
[2024-07-01T23:54:32.767+0300][748ms] GC(3) Concurrent Rebuild Remembered Sets and Scrub Regions
[2024-07-01T23:54:32.770+0300][751ms] GC(3) Concurrent Rebuild Remembered Sets and Scrub Regions 2.939ms
[2024-07-01T23:54:32.770+0300][751ms] GC(3) Pause Cleanup
[2024-07-01T23:54:32.770+0300][751ms] GC(3) Pause Cleanup 22M->22M(88M) 0.078ms
[2024-07-01T23:54:32.770+0300][751ms] GC(3) User=0.00s Sys=0.00s Real=0.00s
[2024-07-01T23:54:32.770+0300][751ms] GC(3) Concurrent Clear Claimed Marks
[2024-07-01T23:54:32.770+0300][751ms] GC(3) Concurrent Clear Claimed Marks 0.048ms
[2024-07-01T23:54:32.770+0300][751ms] GC(3) Concurrent Cleanup for Next Mark
[2024-07-01T23:54:32.771+0300][752ms] GC(3) Concurrent Cleanup for Next Mark 0.352ms
[2024-07-01T23:54:32.771+0300][752ms] GC(3) Concurrent Mark Cycle 12.569ms
[2024-07-01T23:54:33.123+0300][1104ms] GC(4) Pause Young (Prepare Mixed) (G1 Evacuation Pause)
[2024-07-01T23:54:33.123+0300][1104ms] GC(4) Using 8 workers of 8 for evacuation
[2024-07-01T23:54:33.128+0300][1109ms] GC(4)   Pre Evacuate Collection Set: 0.1ms
[2024-07-01T23:54:33.128+0300][1109ms] GC(4)   Merge Heap Roots: 0.0ms
[2024-07-01T23:54:33.128+0300][1109ms] GC(4)   Evacuate Collection Set: 4.7ms
[2024-07-01T23:54:33.128+0300][1109ms] GC(4)   Post Evacuate Collection Set: 0.4ms
[2024-07-01T23:54:33.128+0300][1109ms] GC(4)   Other: 0.0ms
[2024-07-01T23:54:33.128+0300][1109ms] GC(4) Eden regions: 33->0(24)
[2024-07-01T23:54:33.128+0300][1109ms] GC(4) Survivor regions: 5->5(8)
[2024-07-01T23:54:33.128+0300][1109ms] GC(4) Old regions: 6->11
[2024-07-01T23:54:33.128+0300][1109ms] GC(4) Humongous regions: 0->0
[2024-07-01T23:54:33.128+0300][1109ms] GC(4) Metaspace: 33836K(35264K)->33836K(35264K) NonClass: 29211K(30016K)->29211K(30016K) Class: 4625K(5248K)->4625K(5248K)
[2024-07-01T23:54:33.128+0300][1109ms] GC(4) Pause Young (Prepare Mixed) (G1 Evacuation Pause) 86M->29M(108M) 5.464ms
[2024-07-01T23:54:33.128+0300][1109ms] GC(4) User=0.04s Sys=0.01s Real=0.00s
[2024-07-01T23:54:33.141+0300][1122ms] GC(5) Pause Young (Mixed) (Metadata GC Threshold)
[2024-07-01T23:54:33.141+0300][1122ms] GC(5) Using 8 workers of 8 for evacuation
[2024-07-01T23:54:33.145+0300][1126ms] GC(5)   Pre Evacuate Collection Set: 0.1ms
[2024-07-01T23:54:33.145+0300][1126ms] GC(5)   Merge Heap Roots: 0.0ms
[2024-07-01T23:54:33.145+0300][1126ms] GC(5)   Evacuate Collection Set: 3.1ms
[2024-07-01T23:54:33.145+0300][1126ms] GC(5)   Post Evacuate Collection Set: 0.4ms
[2024-07-01T23:54:33.145+0300][1126ms] GC(5)   Other: 0.0ms
[2024-07-01T23:54:33.145+0300][1126ms] GC(5) Eden regions: 4->0(23)
[2024-07-01T23:54:33.145+0300][1126ms] GC(5) Survivor regions: 5->1(4)
[2024-07-01T23:54:33.145+0300][1126ms] GC(5) Old regions: 11->16
[2024-07-01T23:54:33.145+0300][1126ms] GC(5) Humongous regions: 0->0
[2024-07-01T23:54:33.145+0300][1126ms] GC(5) Metaspace: 34986K(36416K)->34986K(36416K) NonClass: 30241K(30976K)->30241K(30976K) Class: 4745K(5440K)->4745K(5440K)
[2024-07-01T23:54:33.145+0300][1126ms] GC(5) Pause Young (Mixed) (Metadata GC Threshold) 36M->31M(108M) 3.889ms
[2024-07-01T23:54:33.145+0300][1126ms] GC(5) User=0.02s Sys=0.00s Real=0.00s
[2024-07-01T23:54:33.152+0300][1133ms] GC(6) Pause Young (Concurrent Start) (Metadata GC Threshold)
[2024-07-01T23:54:33.152+0300][1133ms] GC(6) Using 8 workers of 8 for evacuation
[2024-07-01T23:54:33.153+0300][1134ms] GC(6)   Pre Evacuate Collection Set: 0.1ms
[2024-07-01T23:54:33.153+0300][1134ms] GC(6)   Merge Heap Roots: 0.0ms
[2024-07-01T23:54:33.153+0300][1134ms] GC(6)   Evacuate Collection Set: 0.8ms
[2024-07-01T23:54:33.153+0300][1134ms] GC(6)   Post Evacuate Collection Set: 0.2ms
[2024-07-01T23:54:33.153+0300][1134ms] GC(6)   Other: 0.0ms
[2024-07-01T23:54:33.153+0300][1134ms] GC(6) Eden regions: 1->0(26)
[2024-07-01T23:54:33.153+0300][1134ms] GC(6) Survivor regions: 1->1(3)
[2024-07-01T23:54:33.153+0300][1134ms] GC(6) Old regions: 16->16
[2024-07-01T23:54:33.153+0300][1134ms] GC(6) Humongous regions: 0->0
[2024-07-01T23:54:33.153+0300][1134ms] GC(6) Metaspace: 35322K(36736K)->35322K(36736K) NonClass: 30516K(31296K)->30516K(31296K) Class: 4805K(5440K)->4805K(5440K)
[2024-07-01T23:54:33.153+0300][1134ms] GC(6) Pause Young (Concurrent Start) (Metadata GC Threshold) 33M->30M(108M) 1.339ms
[2024-07-01T23:54:33.153+0300][1134ms] GC(7) Concurrent Mark Cycle
[2024-07-01T23:54:33.153+0300][1134ms] GC(6) User=0.01s Sys=0.00s Real=0.00s
[2024-07-01T23:54:33.153+0300][1134ms] GC(7) Concurrent Scan Root Regions
[2024-07-01T23:54:33.154+0300][1135ms] GC(7) Concurrent Scan Root Regions 0.923ms
[2024-07-01T23:54:33.154+0300][1135ms] GC(7) Concurrent Mark
[2024-07-01T23:54:33.154+0300][1135ms] GC(7) Concurrent Mark From Roots
[2024-07-01T23:54:33.154+0300][1135ms] GC(7) Using 2 workers of 2 for marking
[2024-07-01T23:54:33.182+0300][1163ms] GC(7) Concurrent Mark From Roots 27.968ms
[2024-07-01T23:54:33.182+0300][1163ms] GC(7) Concurrent Preclean
[2024-07-01T23:54:33.183+0300][1164ms] GC(7) Concurrent Preclean 0.509ms
[2024-07-01T23:54:33.208+0300][1189ms] GC(7) Pause Remark
[2024-07-01T23:54:33.210+0300][1191ms] GC(7) Pause Remark 39M->39M(108M) 2.019ms
[2024-07-01T23:54:33.210+0300][1191ms] GC(7) User=0.01s Sys=0.00s Real=0.01s
[2024-07-01T23:54:33.211+0300][1192ms] GC(7) Concurrent Mark 56.507ms
[2024-07-01T23:54:33.211+0300][1192ms] GC(7) Concurrent Rebuild Remembered Sets and Scrub Regions
[2024-07-01T23:54:33.224+0300][1205ms] GC(7) Concurrent Rebuild Remembered Sets and Scrub Regions 13.188ms
[2024-07-01T23:54:33.230+0300][1211ms] GC(7) Pause Cleanup
[2024-07-01T23:54:33.230+0300][1211ms] GC(7) Pause Cleanup 44M->44M(108M) 0.119ms
[2024-07-01T23:54:33.230+0300][1211ms] GC(7) User=0.00s Sys=0.01s Real=0.00s
[2024-07-01T23:54:33.232+0300][1213ms] GC(7) Concurrent Clear Claimed Marks
[2024-07-01T23:54:33.232+0300][1213ms] GC(7) Concurrent Clear Claimed Marks 0.208ms
[2024-07-01T23:54:33.232+0300][1213ms] GC(7) Concurrent Cleanup for Next Mark
[2024-07-01T23:54:33.233+0300][1214ms] GC(7) Concurrent Cleanup for Next Mark 0.551ms
[2024-07-01T23:54:33.233+0300][1214ms] GC(7) Concurrent Mark Cycle 79.918ms
[2024-07-01T23:54:33.327+0300][1308ms] GC(8) Pause Young (Prepare Mixed) (G1 Evacuation Pause)
[2024-07-01T23:54:33.327+0300][1308ms] GC(8) Using 8 workers of 8 for evacuation
[2024-07-01T23:54:33.330+0300][1311ms] GC(8)   Pre Evacuate Collection Set: 0.1ms
[2024-07-01T23:54:33.330+0300][1311ms] GC(8)   Merge Heap Roots: 0.0ms
[2024-07-01T23:54:33.331+0300][1311ms] GC(8)   Evacuate Collection Set: 2.9ms
[2024-07-01T23:54:33.331+0300][1311ms] GC(8)   Post Evacuate Collection Set: 0.5ms
[2024-07-01T23:54:33.331+0300][1311ms] GC(8)   Other: 0.0ms
[2024-07-01T23:54:33.331+0300][1311ms] GC(8) Eden regions: 26->0(24)
[2024-07-01T23:54:33.331+0300][1311ms] GC(8) Survivor regions: 1->4(4)
[2024-07-01T23:54:33.331+0300][1311ms] GC(8) Old regions: 16->16
[2024-07-01T23:54:33.331+0300][1311ms] GC(8) Humongous regions: 0->0
[2024-07-01T23:54:33.331+0300][1311ms] GC(8) Metaspace: 48285K(50304K)->48285K(50304K) NonClass: 41850K(43008K)->41850K(43008K) Class: 6435K(7296K)->6435K(7296K)
[2024-07-01T23:54:33.331+0300][1311ms] GC(8) Pause Young (Prepare Mixed) (G1 Evacuation Pause) 82M->37M(108M) 3.727ms
[2024-07-01T23:54:33.331+0300][1311ms] GC(8) User=0.02s Sys=0.01s Real=0.01s
[2024-07-01T23:54:33.563+0300][1543ms] GC(9) Pause Young (Mixed) (G1 Evacuation Pause)
[2024-07-01T23:54:33.563+0300][1543ms] GC(9) Using 8 workers of 8 for evacuation
[2024-07-01T23:54:33.568+0300][1549ms] GC(9)   Pre Evacuate Collection Set: 0.1ms
[2024-07-01T23:54:33.568+0300][1549ms] GC(9)   Merge Heap Roots: 0.1ms
[2024-07-01T23:54:33.568+0300][1549ms] GC(9)   Evacuate Collection Set: 5.3ms
[2024-07-01T23:54:33.568+0300][1549ms] GC(9)   Post Evacuate Collection Set: 0.4ms
[2024-07-01T23:54:33.568+0300][1549ms] GC(9)   Other: 0.0ms
[2024-07-01T23:54:33.568+0300][1549ms] GC(9) Eden regions: 24->0(53)
[2024-07-01T23:54:33.568+0300][1549ms] GC(9) Survivor regions: 4->4(4)
[2024-07-01T23:54:33.568+0300][1549ms] GC(9) Old regions: 16->19
[2024-07-01T23:54:33.568+0300][1549ms] GC(9) Humongous regions: 0->0
[2024-07-01T23:54:33.569+0300][1549ms] GC(9) Metaspace: 51896K(54080K)->51896K(54080K) NonClass: 44965K(46208K)->44965K(46208K) Class: 6930K(7872K)->6930K(7872K)
[2024-07-01T23:54:33.569+0300][1549ms] GC(9) Pause Young (Mixed) (G1 Evacuation Pause) 85M->44M(194M) 6.015ms
[2024-07-01T23:54:33.569+0300][1549ms] GC(9) User=0.04s Sys=0.01s Real=0.00s
[2024-07-01T23:54:34.533+0300][2514ms] GC(10) Pause Young (Normal) (G1 Evacuation Pause)
[2024-07-01T23:54:34.533+0300][2514ms] GC(10) Using 8 workers of 8 for evacuation
[2024-07-01T23:54:34.538+0300][2519ms] GC(10)   Pre Evacuate Collection Set: 0.2ms
[2024-07-01T23:54:34.538+0300][2519ms] GC(10)   Merge Heap Roots: 0.1ms
[2024-07-01T23:54:34.538+0300][2519ms] GC(10)   Evacuate Collection Set: 4.5ms
[2024-07-01T23:54:34.538+0300][2519ms] GC(10)   Post Evacuate Collection Set: 0.4ms
[2024-07-01T23:54:34.538+0300][2519ms] GC(10)   Other: 0.1ms
[2024-07-01T23:54:34.538+0300][2519ms] GC(10) Eden regions: 53->0(50)
[2024-07-01T23:54:34.538+0300][2519ms] GC(10) Survivor regions: 4->8(8)
[2024-07-01T23:54:34.538+0300][2519ms] GC(10) Old regions: 19->19
[2024-07-01T23:54:34.538+0300][2519ms] GC(10) Humongous regions: 0->0
[2024-07-01T23:54:34.538+0300][2519ms] GC(10) Metaspace: 56436K(58752K)->56436K(58752K) NonClass: 48984K(50368K)->48984K(50368K) Class: 7451K(8384K)->7451K(8384K)
[2024-07-01T23:54:34.538+0300][2519ms] GC(10) Pause Young (Normal) (G1 Evacuation Pause) 150M->51M(194M) 5.461ms
[2024-07-01T23:54:34.538+0300][2519ms] GC(10) User=0.03s Sys=0.01s Real=0.00s
[2024-07-01T23:54:34.670+0300][2651ms] GC(11) Pause Young (Normal) (G1 Evacuation Pause)
[2024-07-01T23:54:34.670+0300][2651ms] GC(11) Using 8 workers of 8 for evacuation
[2024-07-01T23:54:34.677+0300][2658ms] GC(11)   Pre Evacuate Collection Set: 0.1ms
[2024-07-01T23:54:34.677+0300][2658ms] GC(11)   Merge Heap Roots: 0.0ms
[2024-07-01T23:54:34.677+0300][2658ms] GC(11)   Evacuate Collection Set: 6.2ms
[2024-07-01T23:54:34.677+0300][2658ms] GC(11)   Post Evacuate Collection Set: 0.4ms
[2024-07-01T23:54:34.677+0300][2658ms] GC(11)   Other: 0.0ms
[2024-07-01T23:54:34.677+0300][2658ms] GC(11) Eden regions: 50->0(52)
[2024-07-01T23:54:34.677+0300][2658ms] GC(11) Survivor regions: 8->6(8)
[2024-07-01T23:54:34.677+0300][2658ms] GC(11) Old regions: 19->22
[2024-07-01T23:54:34.677+0300][2658ms] GC(11) Humongous regions: 0->0
[2024-07-01T23:54:34.677+0300][2658ms] GC(11) Metaspace: 56457K(58752K)->56457K(58752K) NonClass: 49005K(50368K)->49005K(50368K) Class: 7451K(8384K)->7451K(8384K)
[2024-07-01T23:54:34.677+0300][2658ms] GC(11) Pause Young (Normal) (G1 Evacuation Pause) 151M->56M(194M) 6.974ms
[2024-07-01T23:54:34.677+0300][2658ms] GC(11) User=0.04s Sys=0.01s Real=0.00s
[2024-07-01T23:54:34.969+0300][2950ms] GC(12) Pause Young (Concurrent Start) (Metadata GC Threshold)
[2024-07-01T23:54:34.969+0300][2950ms] GC(12) Using 8 workers of 8 for evacuation
[2024-07-01T23:54:34.973+0300][2954ms] GC(12)   Pre Evacuate Collection Set: 0.1ms
[2024-07-01T23:54:34.973+0300][2954ms] GC(12)   Merge Heap Roots: 0.0ms
[2024-07-01T23:54:34.973+0300][2954ms] GC(12)   Evacuate Collection Set: 3.9ms
[2024-07-01T23:54:34.973+0300][2954ms] GC(12)   Post Evacuate Collection Set: 0.3ms
[2024-07-01T23:54:34.973+0300][2954ms] GC(12)   Other: 0.0ms
[2024-07-01T23:54:34.973+0300][2954ms] GC(12) Eden regions: 18->0(52)
[2024-07-01T23:54:34.973+0300][2954ms] GC(12) Survivor regions: 6->4(8)
[2024-07-01T23:54:34.973+0300][2954ms] GC(12) Old regions: 22->26
[2024-07-01T23:54:34.973+0300][2954ms] GC(12) Humongous regions: 0->0
[2024-07-01T23:54:34.973+0300][2954ms] GC(12) Metaspace: 63253K(65600K)->63253K(65600K) NonClass: 54991K(56384K)->54991K(56384K) Class: 8261K(9216K)->8261K(9216K)
[2024-07-01T23:54:34.973+0300][2954ms] GC(12) Pause Young (Concurrent Start) (Metadata GC Threshold) 90M->58M(194M) 4.440ms
[2024-07-01T23:54:34.973+0300][2954ms] GC(13) Concurrent Mark Cycle
[2024-07-01T23:54:34.973+0300][2954ms] GC(12) User=0.03s Sys=0.00s Real=0.01s
[2024-07-01T23:54:34.973+0300][2954ms] GC(13) Concurrent Scan Root Regions
[2024-07-01T23:54:34.977+0300][2958ms] GC(13) Concurrent Scan Root Regions 3.307ms
[2024-07-01T23:54:34.977+0300][2958ms] GC(13) Concurrent Mark
[2024-07-01T23:54:34.977+0300][2958ms] GC(13) Concurrent Mark From Roots
[2024-07-01T23:54:34.977+0300][2958ms] GC(13) Using 2 workers of 2 for marking
[2024-07-01T23:54:34.993+0300][2974ms] GC(13) Concurrent Mark From Roots 16.397ms
[2024-07-01T23:54:34.993+0300][2974ms] GC(13) Concurrent Preclean
[2024-07-01T23:54:34.993+0300][2974ms] GC(13) Concurrent Preclean 0.154ms
[2024-07-01T23:54:34.993+0300][2974ms] GC(13) Pause Remark
[2024-07-01T23:54:34.999+0300][2980ms] GC(13) Pause Remark 61M->61M(194M) 5.771ms
[2024-07-01T23:54:34.999+0300][2980ms] GC(13) User=0.03s Sys=0.00s Real=0.00s
[2024-07-01T23:54:34.999+0300][2980ms] GC(13) Concurrent Mark 22.539ms
[2024-07-01T23:54:34.999+0300][2980ms] GC(13) Concurrent Rebuild Remembered Sets and Scrub Regions
[2024-07-01T23:54:35.010+0300][2991ms] GC(13) Concurrent Rebuild Remembered Sets and Scrub Regions 10.740ms
[2024-07-01T23:54:35.010+0300][2991ms] GC(13) Pause Cleanup
[2024-07-01T23:54:35.010+0300][2991ms] GC(13) Pause Cleanup 62M->62M(194M) 0.068ms
[2024-07-01T23:54:35.010+0300][2991ms] GC(13) User=0.00s Sys=0.00s Real=0.00s
[2024-07-01T23:54:35.010+0300][2991ms] GC(13) Concurrent Clear Claimed Marks
[2024-07-01T23:54:35.010+0300][2991ms] GC(13) Concurrent Clear Claimed Marks 0.019ms
[2024-07-01T23:54:35.010+0300][2991ms] GC(13) Concurrent Cleanup for Next Mark
[2024-07-01T23:54:35.010+0300][2991ms] GC(13) Concurrent Cleanup for Next Mark 0.307ms
[2024-07-01T23:54:35.010+0300][2991ms] GC(13) Concurrent Mark Cycle 37.262ms
[2024-07-01T23:54:35.558+0300][3539ms] GC(14) Pause Young (Prepare Mixed) (G1 Evacuation Pause)
[2024-07-01T23:54:35.558+0300][3539ms] GC(14) Using 8 workers of 8 for evacuation
[2024-07-01T23:54:35.564+0300][3545ms] GC(14)   Pre Evacuate Collection Set: 0.1ms
[2024-07-01T23:54:35.564+0300][3545ms] GC(14)   Merge Heap Roots: 0.0ms
[2024-07-01T23:54:35.564+0300][3545ms] GC(14)   Evacuate Collection Set: 5.0ms
[2024-07-01T23:54:35.564+0300][3545ms] GC(14)   Post Evacuate Collection Set: 0.6ms
[2024-07-01T23:54:35.564+0300][3545ms] GC(14)   Other: 0.0ms
[2024-07-01T23:54:35.564+0300][3545ms] GC(14) Eden regions: 52->0(49)
[2024-07-01T23:54:35.564+0300][3545ms] GC(14) Survivor regions: 4->7(7)
[2024-07-01T23:54:35.564+0300][3545ms] GC(14) Old regions: 26->27
[2024-07-01T23:54:35.564+0300][3545ms] GC(14) Humongous regions: 0->0
[2024-07-01T23:54:35.564+0300][3545ms] GC(14) Metaspace: 90266K(92992K)->90266K(92992K) NonClass: 78049K(79616K)->78049K(79616K) Class: 12217K(13376K)->12217K(13376K)
[2024-07-01T23:54:35.564+0300][3545ms] GC(14) Pause Young (Prepare Mixed) (G1 Evacuation Pause) 162M->66M(194M) 5.910ms
[2024-07-01T23:54:35.564+0300][3545ms] GC(14) User=0.04s Sys=0.01s Real=0.01s
[2024-07-01T23:54:36.061+0300][4042ms] GC(15) Pause Young (Mixed) (Metadata GC Threshold)
[2024-07-01T23:54:36.061+0300][4042ms] GC(15) Using 8 workers of 8 for evacuation
[2024-07-01T23:54:36.067+0300][4048ms] GC(15)   Pre Evacuate Collection Set: 0.1ms
[2024-07-01T23:54:36.067+0300][4048ms] GC(15)   Merge Heap Roots: 0.0ms
[2024-07-01T23:54:36.067+0300][4048ms] GC(15)   Evacuate Collection Set: 4.8ms
[2024-07-01T23:54:36.067+0300][4048ms] GC(15)   Post Evacuate Collection Set: 0.4ms
[2024-07-01T23:54:36.067+0300][4048ms] GC(15)   Other: 0.0ms
[2024-07-01T23:54:36.067+0300][4048ms] GC(15) Eden regions: 24->0(49)
[2024-07-01T23:54:36.067+0300][4048ms] GC(15) Survivor regions: 7->2(7)
[2024-07-01T23:54:36.067+0300][4048ms] GC(15) Old regions: 27->33
[2024-07-01T23:54:36.067+0300][4048ms] GC(15) Humongous regions: 0->0
[2024-07-01T23:54:36.067+0300][4048ms] GC(15) Metaspace: 108506K(111296K)->108506K(111296K) NonClass: 93522K(95168K)->93522K(95168K) Class: 14984K(16128K)->14984K(16128K)
[2024-07-01T23:54:36.067+0300][4048ms] GC(15) Pause Young (Mixed) (Metadata GC Threshold) 114M->68M(194M) 5.768ms
[2024-07-01T23:54:36.067+0300][4048ms] GC(15) User=0.03s Sys=0.00s Real=0.00s
[2024-07-01T23:54:36.079+0300][4060ms] GC(16) Pause Young (Concurrent Start) (Metadata GC Threshold)
[2024-07-01T23:54:36.079+0300][4060ms] GC(16) Using 8 workers of 8 for evacuation
[2024-07-01T23:54:36.081+0300][4062ms] GC(16)   Pre Evacuate Collection Set: 0.1ms
[2024-07-01T23:54:36.081+0300][4062ms] GC(16)   Merge Heap Roots: 0.0ms
[2024-07-01T23:54:36.081+0300][4062ms] GC(16)   Evacuate Collection Set: 1.3ms
[2024-07-01T23:54:36.081+0300][4062ms] GC(16)   Post Evacuate Collection Set: 0.3ms
[2024-07-01T23:54:36.081+0300][4062ms] GC(16)   Other: 0.0ms
[2024-07-01T23:54:36.081+0300][4062ms] GC(16) Eden regions: 2->0(68)
[2024-07-01T23:54:36.081+0300][4062ms] GC(16) Survivor regions: 2->2(7)
[2024-07-01T23:54:36.081+0300][4062ms] GC(16) Old regions: 33->33
[2024-07-01T23:54:36.081+0300][4062ms] GC(16) Humongous regions: 0->0
[2024-07-01T23:54:36.081+0300][4062ms] GC(16) Metaspace: 108821K(111616K)->108821K(111616K) NonClass: 93794K(95424K)->93794K(95424K) Class: 15027K(16192K)->15027K(16192K)
[2024-07-01T23:54:36.081+0300][4062ms] GC(16) Pause Young (Concurrent Start) (Metadata GC Threshold) 71M->68M(234M) 1.829ms
[2024-07-01T23:54:36.081+0300][4062ms] GC(17) Concurrent Mark Cycle
[2024-07-01T23:54:36.081+0300][4062ms] GC(16) User=0.01s Sys=0.01s Real=0.01s
[2024-07-01T23:54:36.081+0300][4062ms] GC(17) Concurrent Scan Root Regions
[2024-07-01T23:54:36.083+0300][4064ms] GC(17) Concurrent Scan Root Regions 1.655ms
[2024-07-01T23:54:36.083+0300][4064ms] GC(17) Concurrent Mark
[2024-07-01T23:54:36.083+0300][4064ms] GC(17) Concurrent Mark From Roots
[2024-07-01T23:54:36.083+0300][4064ms] GC(17) Using 2 workers of 2 for marking
[2024-07-01T23:54:36.108+0300][4089ms] GC(17) Concurrent Mark From Roots 25.460ms
[2024-07-01T23:54:36.108+0300][4089ms] GC(17) Concurrent Preclean
[2024-07-01T23:54:36.109+0300][4090ms] GC(17) Concurrent Preclean 0.245ms
[2024-07-01T23:54:36.109+0300][4090ms] GC(17) Pause Remark
[2024-07-01T23:54:36.117+0300][4098ms] GC(17) Pause Remark 71M->71M(234M) 8.594ms
[2024-07-01T23:54:36.117+0300][4098ms] GC(17) User=0.05s Sys=0.00s Real=0.01s
[2024-07-01T23:54:36.117+0300][4098ms] GC(17) Concurrent Mark 34.575ms
[2024-07-01T23:54:36.117+0300][4098ms] GC(17) Concurrent Rebuild Remembered Sets and Scrub Regions
[2024-07-01T23:54:36.131+0300][4112ms] GC(17) Concurrent Rebuild Remembered Sets and Scrub Regions 13.838ms
[2024-07-01T23:54:36.132+0300][4113ms] GC(17) Pause Cleanup
[2024-07-01T23:54:36.132+0300][4113ms] GC(17) Pause Cleanup 72M->72M(234M) 0.116ms
[2024-07-01T23:54:36.132+0300][4113ms] GC(17) User=0.00s Sys=0.00s Real=0.00s
[2024-07-01T23:54:36.132+0300][4113ms] GC(17) Concurrent Clear Claimed Marks
[2024-07-01T23:54:36.132+0300][4113ms] GC(17) Concurrent Clear Claimed Marks 0.057ms
[2024-07-01T23:54:36.132+0300][4113ms] GC(17) Concurrent Cleanup for Next Mark
[2024-07-01T23:54:36.132+0300][4113ms] GC(17) Concurrent Cleanup for Next Mark 0.276ms
[2024-07-01T23:54:36.132+0300][4113ms] GC(17) Concurrent Mark Cycle 50.863ms
[2024-07-01T23:57:50.911+0300][198897ms] GC(18) Pause Young (Prepare Mixed) (G1 Evacuation Pause)
[2024-07-01T23:57:50.912+0300][198898ms] GC(18) Using 8 workers of 8 for evacuation
[2024-07-01T23:57:50.922+0300][198908ms] GC(18)   Pre Evacuate Collection Set: 0.2ms
[2024-07-01T23:57:50.922+0300][198908ms] GC(18)   Merge Heap Roots: 0.1ms
[2024-07-01T23:57:50.922+0300][198908ms] GC(18)   Evacuate Collection Set: 8.0ms
[2024-07-01T23:57:50.922+0300][198908ms] GC(18)   Post Evacuate Collection Set: 1.7ms
[2024-07-01T23:57:50.922+0300][198908ms] GC(18)   Other: 0.1ms
[2024-07-01T23:57:50.922+0300][198908ms] GC(18) Eden regions: 68->0(64)
[2024-07-01T23:57:50.922+0300][198908ms] GC(18) Survivor regions: 2->6(9)
[2024-07-01T23:57:50.922+0300][198908ms] GC(18) Old regions: 33->33
[2024-07-01T23:57:50.922+0300][198908ms] GC(18) Humongous regions: 0->0
[2024-07-01T23:57:50.922+0300][198908ms] GC(18) Metaspace: 133723K(137088K)->133723K(137088K) NonClass: 115924K(117888K)->115924K(117888K) Class: 17798K(19200K)->17798K(19200K)
[2024-07-01T23:57:50.922+0300][198908ms] GC(18) Pause Young (Prepare Mixed) (G1 Evacuation Pause) 204M->77M(234M) 11.058ms
[2024-07-01T23:57:50.922+0300][198908ms] GC(18) User=0.03s Sys=0.01s Real=0.01s
[2024-07-01T23:57:51.211+0300][199197ms] GC(19) Pause Young (Mixed) (G1 Evacuation Pause)
[2024-07-01T23:57:51.211+0300][199197ms] GC(19) Using 8 workers of 8 for evacuation
[2024-07-01T23:57:51.221+0300][199207ms] GC(19)   Pre Evacuate Collection Set: 0.2ms
[2024-07-01T23:57:51.224+0300][199210ms] GC(19)   Merge Heap Roots: 0.3ms
[2024-07-01T23:57:51.224+0300][199210ms] GC(19)   Evacuate Collection Set: 8.9ms
[2024-07-01T23:57:51.224+0300][199210ms] GC(19)   Post Evacuate Collection Set: 0.9ms
[2024-07-01T23:57:51.224+0300][199210ms] GC(19)   Other: 0.1ms
[2024-07-01T23:57:51.224+0300][199210ms] GC(19) Eden regions: 64->0(60)
[2024-07-01T23:57:51.224+0300][199210ms] GC(19) Survivor regions: 6->8(9)
[2024-07-01T23:57:51.224+0300][199210ms] GC(19) Old regions: 33->34
[2024-07-01T23:57:51.224+0300][199210ms] GC(19) Humongous regions: 0->0
[2024-07-01T23:57:51.224+0300][199210ms] GC(19) Metaspace: 133733K(137088K)->133733K(137088K) NonClass: 115934K(117888K)->115934K(117888K) Class: 17798K(19200K)->17798K(19200K)
[2024-07-01T23:57:51.224+0300][199210ms] GC(19) Pause Young (Mixed) (G1 Evacuation Pause) 205M->82M(234M) 13.621ms
[2024-07-01T23:57:51.224+0300][199210ms] GC(19) User=0.04s Sys=0.00s Real=0.01s
[2024-07-01T23:57:58.852+0300][206838ms] GC(20) Pause Young (Normal) (G1 Evacuation Pause)
[2024-07-01T23:57:58.853+0300][206840ms] GC(20) Using 8 workers of 8 for evacuation
[2024-07-01T23:57:58.866+0300][206853ms] GC(20)   Pre Evacuate Collection Set: 0.3ms
[2024-07-01T23:57:58.866+0300][206853ms] GC(20)   Merge Heap Roots: 0.1ms
[2024-07-01T23:57:58.866+0300][206853ms] GC(20)   Evacuate Collection Set: 11.6ms
[2024-07-01T23:57:58.866+0300][206853ms] GC(20)   Post Evacuate Collection Set: 0.7ms
[2024-07-01T23:57:58.866+0300][206853ms] GC(20)   Other: 0.1ms
[2024-07-01T23:57:58.866+0300][206853ms] GC(20) Eden regions: 60->0(60)
[2024-07-01T23:57:58.866+0300][206853ms] GC(20) Survivor regions: 8->6(9)
[2024-07-01T23:57:58.866+0300][206853ms] GC(20) Old regions: 34->38
[2024-07-01T23:57:58.867+0300][206853ms] GC(20) Humongous regions: 0->0
[2024-07-01T23:57:58.867+0300][206853ms] GC(20) Metaspace: 134660K(137984K)->134660K(137984K) NonClass: 116816K(118720K)->116816K(118720K) Class: 17844K(19264K)->17844K(19264K)
[2024-07-01T23:57:58.867+0300][206853ms] GC(20) Pause Young (Normal) (G1 Evacuation Pause) 202M->87M(234M) 14.413ms
[2024-07-01T23:57:58.867+0300][206853ms] GC(20) User=0.08s Sys=0.01s Real=0.01s
[2024-07-01T23:58:33.356+0300][241343ms] GC(21) Pause Young (Concurrent Start) (G1 Evacuation Pause)
[2024-07-01T23:58:33.356+0300][241343ms] GC(21) Using 8 workers of 8 for evacuation
[2024-07-01T23:58:33.362+0300][241350ms] GC(21)   Pre Evacuate Collection Set: 0.1ms
[2024-07-01T23:58:33.363+0300][241350ms] GC(21)   Merge Heap Roots: 0.0ms
[2024-07-01T23:58:33.363+0300][241350ms] GC(21)   Evacuate Collection Set: 5.2ms
[2024-07-01T23:58:33.363+0300][241350ms] GC(21)   Post Evacuate Collection Set: 0.6ms
[2024-07-01T23:58:33.363+0300][241350ms] GC(21)   Other: 0.4ms
[2024-07-01T23:58:33.363+0300][241350ms] GC(21) Eden regions: 60->0(57)
[2024-07-01T23:58:33.363+0300][241350ms] GC(21) Survivor regions: 6->6(9)
[2024-07-01T23:58:33.363+0300][241350ms] GC(21) Old regions: 38->41
[2024-07-01T23:58:33.363+0300][241350ms] GC(21) Humongous regions: 0->0
[2024-07-01T23:58:33.363+0300][241350ms] GC(21) Metaspace: 134778K(138176K)->134778K(138176K) NonClass: 116934K(118912K)->116934K(118912K) Class: 17844K(19264K)->17844K(19264K)
[2024-07-01T23:58:33.363+0300][241350ms] GC(21) Pause Young (Concurrent Start) (G1 Evacuation Pause) 207M->93M(234M) 6.988ms
[2024-07-01T23:58:33.363+0300][241350ms] GC(22) Concurrent Mark Cycle
[2024-07-01T23:58:33.363+0300][241350ms] GC(21) User=0.04s Sys=0.00s Real=0.01s
[2024-07-01T23:58:33.363+0300][241350ms] GC(22) Concurrent Scan Root Regions
[2024-07-01T23:58:33.371+0300][241358ms] GC(22) Concurrent Scan Root Regions 8.042ms
[2024-07-01T23:58:33.371+0300][241358ms] GC(22) Concurrent Mark
[2024-07-01T23:58:33.371+0300][241358ms] GC(22) Concurrent Mark From Roots
[2024-07-01T23:58:33.371+0300][241358ms] GC(22) Using 2 workers of 2 for marking
[2024-07-01T23:58:33.407+0300][241395ms] GC(22) Concurrent Mark From Roots 36.581ms
[2024-07-01T23:58:33.407+0300][241395ms] GC(22) Concurrent Preclean
[2024-07-01T23:58:33.408+0300][241395ms] GC(22) Concurrent Preclean 0.712ms
[2024-07-01T23:58:33.408+0300][241396ms] GC(22) Pause Remark
[2024-07-01T23:58:33.422+0300][241409ms] GC(22) Pause Remark 124M->124M(234M) 13.712ms
[2024-07-01T23:58:33.422+0300][241409ms] GC(22) User=0.05s Sys=0.01s Real=0.02s
[2024-07-01T23:58:33.432+0300][241420ms] GC(22) Concurrent Mark 61.399ms
[2024-07-01T23:58:33.432+0300][241420ms] GC(22) Concurrent Rebuild Remembered Sets and Scrub Regions
[2024-07-01T23:58:33.457+0300][241444ms] GC(22) Concurrent Rebuild Remembered Sets and Scrub Regions 24.690ms
[2024-07-01T23:58:33.457+0300][241444ms] GC(22) Pause Cleanup
[2024-07-01T23:58:33.457+0300][241444ms] GC(22) Pause Cleanup 144M->144M(234M) 0.082ms
[2024-07-01T23:58:33.457+0300][241444ms] GC(22) User=0.00s Sys=0.00s Real=0.00s
[2024-07-01T23:58:33.457+0300][241445ms] GC(22) Concurrent Clear Claimed Marks
[2024-07-01T23:58:33.457+0300][241445ms] GC(22) Concurrent Clear Claimed Marks 0.080ms
[2024-07-01T23:58:33.457+0300][241445ms] GC(22) Concurrent Cleanup for Next Mark
[2024-07-01T23:58:33.458+0300][241445ms] GC(22) Concurrent Cleanup for Next Mark 0.294ms
[2024-07-01T23:58:33.458+0300][241445ms] GC(22) Concurrent Mark Cycle 95.017ms
[2024-07-01T23:58:33.662+0300][241649ms] GC(23) Pause Young (Prepare Mixed) (G1 Evacuation Pause)
[2024-07-01T23:58:33.662+0300][241649ms] GC(23) Using 8 workers of 8 for evacuation
[2024-07-01T23:58:33.667+0300][241654ms] GC(23)   Pre Evacuate Collection Set: 0.1ms
[2024-07-01T23:58:33.667+0300][241654ms] GC(23)   Merge Heap Roots: 0.1ms
[2024-07-01T23:58:33.667+0300][241654ms] GC(23)   Evacuate Collection Set: 4.3ms
[2024-07-01T23:58:33.667+0300][241654ms] GC(23)   Post Evacuate Collection Set: 0.4ms
[2024-07-01T23:58:33.667+0300][241654ms] GC(23)   Other: 0.0ms
[2024-07-01T23:58:33.667+0300][241654ms] GC(23) Eden regions: 57->0(54)
[2024-07-01T23:58:33.667+0300][241654ms] GC(23) Survivor regions: 6->7(8)
[2024-07-01T23:58:33.667+0300][241654ms] GC(23) Old regions: 41->42
[2024-07-01T23:58:33.667+0300][241654ms] GC(23) Humongous regions: 0->0
[2024-07-01T23:58:33.667+0300][241654ms] GC(23) Metaspace: 134938K(138304K)->134938K(138304K) NonClass: 117090K(119040K)->117090K(119040K) Class: 17848K(19264K)->17848K(19264K)
[2024-07-01T23:58:33.667+0300][241654ms] GC(23) Pause Young (Prepare Mixed) (G1 Evacuation Pause) 207M->95M(234M) 5.059ms
[2024-07-01T23:58:33.667+0300][241654ms] GC(23) User=0.03s Sys=0.00s Real=0.00s
[2024-07-02T00:00:40.943+0300][368934ms] GC(24) Pause Young (Mixed) (G1 Evacuation Pause)
[2024-07-02T00:00:40.943+0300][368934ms] GC(24) Using 8 workers of 8 for evacuation
[2024-07-02T00:00:40.949+0300][368940ms] GC(24)   Pre Evacuate Collection Set: 0.2ms
[2024-07-02T00:00:40.949+0300][368940ms] GC(24)   Merge Heap Roots: 0.1ms
[2024-07-02T00:00:40.949+0300][368940ms] GC(24)   Evacuate Collection Set: 4.9ms
[2024-07-02T00:00:40.949+0300][368940ms] GC(24)   Post Evacuate Collection Set: 0.6ms
[2024-07-02T00:00:40.949+0300][368940ms] GC(24)   Other: 0.1ms
[2024-07-02T00:00:40.949+0300][368940ms] GC(24) Eden regions: 54->0(63)
[2024-07-02T00:00:40.949+0300][368940ms] GC(24) Survivor regions: 7->3(8)
[2024-07-02T00:00:40.949+0300][368940ms] GC(24) Old regions: 42->41
[2024-07-02T00:00:40.949+0300][368940ms] GC(24) Humongous regions: 0->0
[2024-07-02T00:00:40.949+0300][368940ms] GC(24) Metaspace: 135902K(139264K)->135902K(139264K) NonClass: 118008K(119936K)->118008K(119936K) Class: 17893K(19328K)->17893K(19328K)
[2024-07-02T00:00:40.949+0300][368940ms] GC(24) Pause Young (Mixed) (G1 Evacuation Pause) 203M->86M(234M) 6.169ms
[2024-07-02T00:00:40.949+0300][368940ms] GC(24) User=0.03s Sys=0.01s Real=0.00s
[2024-07-02T00:00:41.104+0300][369095ms] GC(25) Pause Young (Concurrent Start) (G1 Evacuation Pause)
[2024-07-02T00:00:41.104+0300][369095ms] GC(25) Using 8 workers of 8 for evacuation
[2024-07-02T00:00:41.109+0300][369100ms] GC(25)   Pre Evacuate Collection Set: 0.1ms
[2024-07-02T00:00:41.109+0300][369100ms] GC(25)   Merge Heap Roots: 0.0ms
[2024-07-02T00:00:41.109+0300][369100ms] GC(25)   Evacuate Collection Set: 4.0ms
[2024-07-02T00:00:41.109+0300][369100ms] GC(25)   Post Evacuate Collection Set: 0.5ms
[2024-07-02T00:00:41.109+0300][369100ms] GC(25)   Other: 0.1ms
[2024-07-02T00:00:41.109+0300][369100ms] GC(25) Eden regions: 63->0(57)
[2024-07-02T00:00:41.109+0300][369100ms] GC(25) Survivor regions: 3->6(9)
[2024-07-02T00:00:41.109+0300][369100ms] GC(25) Old regions: 41->41
[2024-07-02T00:00:41.109+0300][369100ms] GC(25) Humongous regions: 0->0
[2024-07-02T00:00:41.109+0300][369100ms] GC(25) Metaspace: 135905K(139264K)->135905K(139264K) NonClass: 118012K(119936K)->118012K(119936K) Class: 17893K(19328K)->17893K(19328K)
[2024-07-02T00:00:41.109+0300][369100ms] GC(25) Pause Young (Concurrent Start) (G1 Evacuation Pause) 212M->91M(234M) 4.872ms
[2024-07-02T00:00:41.109+0300][369100ms] GC(26) Concurrent Mark Cycle
[2024-07-02T00:00:41.109+0300][369100ms] GC(25) User=0.03s Sys=0.00s Real=0.00s
[2024-07-02T00:00:41.109+0300][369100ms] GC(26) Concurrent Scan Root Regions
[2024-07-02T00:00:41.114+0300][369105ms] GC(26) Concurrent Scan Root Regions 5.055ms
[2024-07-02T00:00:41.114+0300][369105ms] GC(26) Concurrent Mark
[2024-07-02T00:00:41.114+0300][369105ms] GC(26) Concurrent Mark From Roots
[2024-07-02T00:00:41.114+0300][369105ms] GC(26) Using 2 workers of 2 for marking
[2024-07-02T00:00:41.141+0300][369132ms] GC(26) Concurrent Mark From Roots 26.611ms
[2024-07-02T00:00:41.141+0300][369132ms] GC(26) Concurrent Preclean
[2024-07-02T00:00:41.141+0300][369132ms] GC(26) Concurrent Preclean 0.279ms
[2024-07-02T00:00:41.142+0300][369132ms] GC(26) Pause Remark
[2024-07-02T00:00:41.157+0300][369148ms] GC(26) Pause Remark 105M->101M(234M) 15.073ms
[2024-07-02T00:00:41.157+0300][369148ms] GC(26) User=0.06s Sys=0.01s Real=0.01s
[2024-07-02T00:00:41.157+0300][369148ms] GC(26) Concurrent Mark 42.435ms
[2024-07-02T00:00:41.157+0300][369148ms] GC(26) Concurrent Rebuild Remembered Sets and Scrub Regions
[2024-07-02T00:00:41.176+0300][369167ms] GC(26) Concurrent Rebuild Remembered Sets and Scrub Regions 19.145ms
[2024-07-02T00:00:41.176+0300][369167ms] GC(26) Pause Cleanup
[2024-07-02T00:00:41.176+0300][369167ms] GC(26) Pause Cleanup 101M->101M(234M) 0.090ms
[2024-07-02T00:00:41.176+0300][369167ms] GC(26) User=0.00s Sys=0.00s Real=0.00s
[2024-07-02T00:00:41.176+0300][369167ms] GC(26) Concurrent Clear Claimed Marks
[2024-07-02T00:00:41.176+0300][369167ms] GC(26) Concurrent Clear Claimed Marks 0.069ms
[2024-07-02T00:00:41.176+0300][369167ms] GC(26) Concurrent Cleanup for Next Mark
[2024-07-02T00:00:41.177+0300][369168ms] GC(26) Concurrent Cleanup for Next Mark 0.232ms
[2024-07-02T00:00:41.177+0300][369168ms] GC(26) Concurrent Mark Cycle 67.517ms
[2024-07-02T00:04:19.360+0300][587358ms] GC(27) Pause Young (Prepare Mixed) (G1 Evacuation Pause)
[2024-07-02T00:04:19.361+0300][587359ms] GC(27) Using 8 workers of 8 for evacuation
[2024-07-02T00:04:19.373+0300][587370ms] GC(27)   Pre Evacuate Collection Set: 0.4ms
[2024-07-02T00:04:19.373+0300][587370ms] GC(27)   Merge Heap Roots: 0.1ms
[2024-07-02T00:04:19.373+0300][587370ms] GC(27)   Evacuate Collection Set: 10.2ms
[2024-07-02T00:04:19.373+0300][587370ms] GC(27)   Post Evacuate Collection Set: 0.6ms
[2024-07-02T00:04:19.373+0300][587370ms] GC(27)   Other: 0.1ms
[2024-07-02T00:04:19.373+0300][587370ms] GC(27) Eden regions: 57->0(59)
[2024-07-02T00:04:19.373+0300][587370ms] GC(27) Survivor regions: 6->5(8)
[2024-07-02T00:04:19.373+0300][587370ms] GC(27) Old regions: 39->41
[2024-07-02T00:04:19.373+0300][587370ms] GC(27) Humongous regions: 0->0
[2024-07-02T00:04:19.373+0300][587370ms] GC(27) Metaspace: 136985K(140416K)->136985K(140416K) NonClass: 119049K(121024K)->119049K(121024K) Class: 17936K(19392K)->17936K(19392K)
[2024-07-02T00:04:19.373+0300][587370ms] GC(27) Pause Young (Prepare Mixed) (G1 Evacuation Pause) 201M->91M(234M) 12.729ms
[2024-07-02T00:04:19.373+0300][587370ms] GC(27) User=0.05s Sys=0.01s Real=0.01s
